\BOOKMARK [0][-]{chapter.1}{Introduction}{}% 1
\BOOKMARK [0][-]{chapter.2}{Mathematical\040Formulations}{}% 2
\BOOKMARK [1][-]{section.2.1}{P1}{chapter.2}% 3
\BOOKMARK [2][-]{subsection.2.1.1}{Constants}{section.2.1}% 4
\BOOKMARK [2][-]{subsection.2.1.2}{Variables}{section.2.1}% 5
\BOOKMARK [2][-]{subsection.2.1.3}{Objective\040function\040and\040constraints}{section.2.1}% 6
\BOOKMARK [1][-]{section.2.2}{P3}{chapter.2}% 7
\BOOKMARK [2][-]{subsection.2.2.1}{Constants}{section.2.2}% 8
\BOOKMARK [2][-]{subsection.2.2.2}{Variables}{section.2.2}% 9
\BOOKMARK [2][-]{subsection.2.2.3}{Objective\040function\040and\040constraints}{section.2.2}% 10
\BOOKMARK [0][-]{chapter.3}{Implementation}{}% 11
\BOOKMARK [1][-]{section.3.1}{Project\040Structure}{chapter.3}% 12
\BOOKMARK [1][-]{section.3.2}{Execution}{chapter.3}% 13
\BOOKMARK [2][-]{subsection.3.2.1}{Extra\040modules}{section.3.2}% 14
\BOOKMARK [2][-]{subsection.3.2.2}{Arguments}{section.3.2}% 15
\BOOKMARK [0][-]{chapter.4}{Additional\040improvements}{}% 16
\BOOKMARK [1][-]{section.4.1}{BINARY\040algorithm}{chapter.4}% 17
\BOOKMARK [0][-]{chapter.5}{Results}{}% 18
\BOOKMARK [1][-]{section.5.1}{P1}{chapter.5}% 19
\BOOKMARK [1][-]{section.5.2}{P3}{chapter.5}% 20
\BOOKMARK [2][-]{subsection.5.2.1}{Without\040relaxation}{section.5.2}% 21
\BOOKMARK [2][-]{subsection.5.2.2}{With\040relaxation}{section.5.2}% 22
\BOOKMARK [0][-]{chapter.6}{Discussion}{}% 23
